Dakota version 6.9 released Nov 13 2018.
Repository revision 32b6d4be (2018-11-12) built Nov 13 2018 01:41:56.
Running serial Dakota executable in serial mode.
Start time: Wed Jan  2 19:19:45 2019

-----------------------
Begin DAKOTA input file
dakota.in
-----------------------


method
  coliny_cobyla
  initial_delta 0.1
  scaling
  seed 12345
  output debug
  max_function_evaluations = 20
 
variables
  continuous_design = 3
  cdv_initial_point  1 1 1
  cdv_lower_bounds  0 0 0
  cdv_upper_bounds  10 2 2
  cdv_descriptor  '|Abstand' '|Ellipse1B' '|Ellipse1A'
  scale_types  'auto' 'auto' 'auto'

responses
  objective_functions = 1
  nonlinear_inequality_constraints = 1
  no_gradients
  no_hessians
  
interface
  fork
  analysis_driver = 'fdakota_client.exe'
  verbatim  parameters_file = 'params.in'
  results_file    = 'results.out'
  work_directory directory_tag
  named 'design' file_save directory_save

  asynchronous
  evaluation_concurrency = 8
---------------------
End DAKOTA input file
---------------------

Using Dakota input file 'dakota.in'
Writing new restart file 'dakota.rst'.
methodName = coliny_cobyla
Gradient type = none Hessian type = none
Initializing scaling transformation

ScalingModel: Scaling enabled ('auto' scaling is reported as derived values)

Continuous design variable scales:
scale type        multiplier            offset label
value                     10                 0 |Abstand
value                      2                 0 |Ellipse1B
value                      2                 0 |Ellipse1A


Seed (user-specified) = 12345

>>>>> Executing environment.

>>>>> Running coliny_cobyla iterator.

>>>>> coliny_cobyla: pre-run phase.

>>>>> coliny_cobyla: core run phase.
COLIN Solver initial status and options:
---
constraint-tolerance: 1.49011611938477e-08
debug: 10000
initial-step: 0.1
max-iters: 0
max-neval: 20
max-neval-curr: 0
max-time: 0
seed: 12345
step-tolerance: 0.0001
sufficient-objective-value: -Infinity
...

----------------------------------
Pre-processing Function Evaluation
----------------------------------
Variables before unscaling transformation:
                      1.0000000000e-01 |Abstand
                      5.0000000000e-01 |Ellipse1B
                      5.0000000000e-01 |Ellipse1A


---------------------
Begin Evaluation    1
---------------------
Parameters for evaluation 1:
                      1.0000000000e+00 |Abstand
                      1.0000000000e+00 |Ellipse1B
                      1.0000000000e+00 |Ellipse1A


Adjusting parameters_file to params.in due to work_directory usage.

Adjusting results_file to results.out due to work_directory usage.
blocking fork: fdakota_client.exe
Prepending environment PATH with work_directory "design.1".
Changing directory to "design.1"
Changing directory back to C:\Users\Jakob\Documents\GitHub\bachelor\SimulationTry\05_Dakota
Resetting environment PATH.

Active response data for evaluation 1:
Active set vector = { 1 1 }
                      1.0000000000e+00 obj_fn
                     -1.0000000000e+00 nln_ineq_con_1



----------------------------------
Pre-processing Function Evaluation
----------------------------------
Variables before unscaling transformation:
                      2.0000000000e-01 |Abstand
                      5.0000000000e-01 |Ellipse1B
                      5.0000000000e-01 |Ellipse1A


---------------------
Begin Evaluation    2
---------------------
Parameters for evaluation 2:
                      2.0000000000e+00 |Abstand
                      1.0000000000e+00 |Ellipse1B
                      1.0000000000e+00 |Ellipse1A


Adjusting parameters_file to params.in due to work_directory usage.

Adjusting results_file to results.out due to work_directory usage.
blocking fork: fdakota_client.exe
Prepending environment PATH with work_directory "design.2".
Changing directory to "design.2"
Changing directory back to C:\Users\Jakob\Documents\GitHub\bachelor\SimulationTry\05_Dakota
Resetting environment PATH.

Active response data for evaluation 2:
Active set vector = { 1 1 }
                      2.0000000000e+00 obj_fn
                     -2.0000000000e+00 nln_ineq_con_1



----------------------------------
Pre-processing Function Evaluation
----------------------------------
Variables before unscaling transformation:
                      1.0000000000e-01 |Abstand
                      6.0000000000e-01 |Ellipse1B
                      5.0000000000e-01 |Ellipse1A


---------------------
Begin Evaluation    3
---------------------
Parameters for evaluation 3:
                      1.0000000000e+00 |Abstand
                      1.2000000000e+00 |Ellipse1B
                      1.0000000000e+00 |Ellipse1A


Adjusting parameters_file to params.in due to work_directory usage.

Adjusting results_file to results.out due to work_directory usage.
blocking fork: fdakota_client.exe
Prepending environment PATH with work_directory "design.3".
Changing directory to "design.3"
Changing directory back to C:\Users\Jakob\Documents\GitHub\bachelor\SimulationTry\05_Dakota
Resetting environment PATH.

Active response data for evaluation 3:
Active set vector = { 1 1 }
                      1.0000000000e+00 obj_fn
                     -1.0000000000e+00 nln_ineq_con_1



----------------------------------
Pre-processing Function Evaluation
----------------------------------
Variables before unscaling transformation:
                      1.0000000000e-01 |Abstand
                      5.0000000000e-01 |Ellipse1B
                      6.0000000000e-01 |Ellipse1A


---------------------
Begin Evaluation    4
---------------------
Parameters for evaluation 4:
                      1.0000000000e+00 |Abstand
                      1.0000000000e+00 |Ellipse1B
                      1.2000000000e+00 |Ellipse1A


Adjusting parameters_file to params.in due to work_directory usage.

Adjusting results_file to results.out due to work_directory usage.
blocking fork: fdakota_client.exe
Prepending environment PATH with work_directory "design.4".
Changing directory to "design.4"
Changing directory back to C:\Users\Jakob\Documents\GitHub\bachelor\SimulationTry\05_Dakota
Resetting environment PATH.

Active response data for evaluation 4:
Active set vector = { 1 1 }
                      1.0000000000e+00 obj_fn
                     -1.0000000000e+00 nln_ineq_con_1



----------------------------------
Pre-processing Function Evaluation
----------------------------------
Variables before unscaling transformation:
                      0.0000000000e+00 |Abstand
                      5.0000000000e-01 |Ellipse1B
                      5.0000000000e-01 |Ellipse1A


---------------------
Begin Evaluation    5
---------------------
Parameters for evaluation 5:
                      0.0000000000e+00 |Abstand
                      1.0000000000e+00 |Ellipse1B
                      1.0000000000e+00 |Ellipse1A


Adjusting parameters_file to params.in due to work_directory usage.

Adjusting results_file to results.out due to work_directory usage.
blocking fork: fdakota_client.exe
Prepending environment PATH with work_directory "design.5".
Changing directory to "design.5"
Changing directory back to C:\Users\Jakob\Documents\GitHub\bachelor\SimulationTry\05_Dakota
Resetting environment PATH.

Active response data for evaluation 5:
Active set vector = { 1 1 }
                      0.0000000000e+00 obj_fn
                      1.0000000000e-15 nln_ineq_con_1



----------------------------------
Pre-processing Function Evaluation
----------------------------------
Variables before unscaling transformation:
                      0.0000000000e+00 |Abstand
                      5.2500000000e-01 |Ellipse1B
                      5.0000000000e-01 |Ellipse1A


---------------------
Begin Evaluation    6
---------------------
Parameters for evaluation 6:
                      0.0000000000e+00 |Abstand
                      1.0500000000e+00 |Ellipse1B
                      1.0000000000e+00 |Ellipse1A


Adjusting parameters_file to params.in due to work_directory usage.

Adjusting results_file to results.out due to work_directory usage.
blocking fork: fdakota_client.exe
Prepending environment PATH with work_directory "design.6".
Changing directory to "design.6"
Changing directory back to C:\Users\Jakob\Documents\GitHub\bachelor\SimulationTry\05_Dakota
Resetting environment PATH.

Active response data for evaluation 6:
Active set vector = { 1 1 }
                      0.0000000000e+00 obj_fn
                      1.0000000000e-15 nln_ineq_con_1



----------------------------------
Pre-processing Function Evaluation
----------------------------------
Variables before unscaling transformation:
                      0.0000000000e+00 |Abstand
                      5.0000000000e-01 |Ellipse1B
                      5.2500000000e-01 |Ellipse1A


---------------------
Begin Evaluation    7
---------------------
Parameters for evaluation 7:
                      0.0000000000e+00 |Abstand
                      1.0000000000e+00 |Ellipse1B
                      1.0500000000e+00 |Ellipse1A


Adjusting parameters_file to params.in due to work_directory usage.

Adjusting results_file to results.out due to work_directory usage.
blocking fork: fdakota_client.exe
Prepending environment PATH with work_directory "design.7".
Changing directory to "design.7"
Changing directory back to C:\Users\Jakob\Documents\GitHub\bachelor\SimulationTry\05_Dakota
Resetting environment PATH.

Active response data for evaluation 7:
Active set vector = { 1 1 }
                      0.0000000000e+00 obj_fn
                      1.0000000000e-15 nln_ineq_con_1



----------------------------------
Pre-processing Function Evaluation
----------------------------------
Variables before unscaling transformation:
                      1.2500000000e-02 |Abstand
                      5.0000000000e-01 |Ellipse1B
                      5.0000000000e-01 |Ellipse1A


---------------------
Begin Evaluation    8
---------------------
Parameters for evaluation 8:
                      1.2500000000e-01 |Abstand
                      1.0000000000e+00 |Ellipse1B
                      1.0000000000e+00 |Ellipse1A


Adjusting parameters_file to params.in due to work_directory usage.

Adjusting results_file to results.out due to work_directory usage.
blocking fork: fdakota_client.exe
Prepending environment PATH with work_directory "design.8".
Changing directory to "design.8"
Changing directory back to C:\Users\Jakob\Documents\GitHub\bachelor\SimulationTry\05_Dakota
Resetting environment PATH.

Active response data for evaluation 8:
Active set vector = { 1 1 }
                      1.2500000000e-01 obj_fn
                     -1.2500000000e-01 nln_ineq_con_1



----------------------------------
Pre-processing Function Evaluation
----------------------------------
Variables before unscaling transformation:
                      0.0000000000e+00 |Abstand
                      5.0312500000e-01 |Ellipse1B
                      5.0000000000e-01 |Ellipse1A


---------------------
Begin Evaluation    9
---------------------
Parameters for evaluation 9:
                      0.0000000000e+00 |Abstand
                      1.0062500000e+00 |Ellipse1B
                      1.0000000000e+00 |Ellipse1A


Adjusting parameters_file to params.in due to work_directory usage.

Adjusting results_file to results.out due to work_directory usage.
blocking fork: fdakota_client.exe
Prepending environment PATH with work_directory "design.9".
Changing directory to "design.9"
Changing directory back to C:\Users\Jakob\Documents\GitHub\bachelor\SimulationTry\05_Dakota
Resetting environment PATH.

Active response data for evaluation 9:
Active set vector = { 1 1 }
                      0.0000000000e+00 obj_fn
                      1.0000000000e-15 nln_ineq_con_1



----------------------------------
Pre-processing Function Evaluation
----------------------------------
Variables before unscaling transformation:
                      0.0000000000e+00 |Abstand
                      5.0000000000e-01 |Ellipse1B
                      5.0312500000e-01 |Ellipse1A


---------------------
Begin Evaluation   10
---------------------
Parameters for evaluation 10:
                      0.0000000000e+00 |Abstand
                      1.0000000000e+00 |Ellipse1B
                      1.0062500000e+00 |Ellipse1A


Adjusting parameters_file to params.in due to work_directory usage.

Adjusting results_file to results.out due to work_directory usage.
blocking fork: fdakota_client.exe
Prepending environment PATH with work_directory "design.10".
Changing directory to "design.10"
Changing directory back to C:\Users\Jakob\Documents\GitHub\bachelor\SimulationTry\05_Dakota
Resetting environment PATH.

Active response data for evaluation 10:
Active set vector = { 1 1 }
                      0.0000000000e+00 obj_fn
                      1.0000000000e-15 nln_ineq_con_1



----------------------------------
Pre-processing Function Evaluation
----------------------------------
Variables before unscaling transformation:
                      1.5625000000e-03 |Abstand
                      5.0000000000e-01 |Ellipse1B
                      5.0000000000e-01 |Ellipse1A


---------------------
Begin Evaluation   11
---------------------
Parameters for evaluation 11:
                      1.5625000000e-02 |Abstand
                      1.0000000000e+00 |Ellipse1B
                      1.0000000000e+00 |Ellipse1A


Adjusting parameters_file to params.in due to work_directory usage.

Adjusting results_file to results.out due to work_directory usage.
blocking fork: fdakota_client.exe
Prepending environment PATH with work_directory "design.11".
Changing directory to "design.11"
Changing directory back to C:\Users\Jakob\Documents\GitHub\bachelor\SimulationTry\05_Dakota
Resetting environment PATH.

Active response data for evaluation 11:
Active set vector = { 1 1 }
                      1.5625000000e-02 obj_fn
                     -1.5625000000e-02 nln_ineq_con_1



----------------------------------
Pre-processing Function Evaluation
----------------------------------
Variables before unscaling transformation:
                      0.0000000000e+00 |Abstand
                      5.0039062500e-01 |Ellipse1B
                      5.0000000000e-01 |Ellipse1A


---------------------
Begin Evaluation   12
---------------------
Parameters for evaluation 12:
                      0.0000000000e+00 |Abstand
                      1.0007812500e+00 |Ellipse1B
                      1.0000000000e+00 |Ellipse1A


Adjusting parameters_file to params.in due to work_directory usage.

Adjusting results_file to results.out due to work_directory usage.
blocking fork: fdakota_client.exe
Prepending environment PATH with work_directory "design.12".
Changing directory to "design.12"
Changing directory back to C:\Users\Jakob\Documents\GitHub\bachelor\SimulationTry\05_Dakota
Resetting environment PATH.

Active response data for evaluation 12:
Active set vector = { 1 1 }
                      0.0000000000e+00 obj_fn
                      1.0000000000e-15 nln_ineq_con_1



----------------------------------
Pre-processing Function Evaluation
----------------------------------
Variables before unscaling transformation:
                      0.0000000000e+00 |Abstand
                      5.0000000000e-01 |Ellipse1B
                      5.0039062500e-01 |Ellipse1A


---------------------
Begin Evaluation   13
---------------------
Parameters for evaluation 13:
                      0.0000000000e+00 |Abstand
                      1.0000000000e+00 |Ellipse1B
                      1.0007812500e+00 |Ellipse1A


Adjusting parameters_file to params.in due to work_directory usage.

Adjusting results_file to results.out due to work_directory usage.
blocking fork: fdakota_client.exe
Prepending environment PATH with work_directory "design.13".
Changing directory to "design.13"
Changing directory back to C:\Users\Jakob\Documents\GitHub\bachelor\SimulationTry\05_Dakota
Resetting environment PATH.

Active response data for evaluation 13:
Active set vector = { 1 1 }
                      0.0000000000e+00 obj_fn
                      1.0000000000e-15 nln_ineq_con_1



----------------------------------
Pre-processing Function Evaluation
----------------------------------
Variables before unscaling transformation:
                      1.9531250000e-04 |Abstand
                      5.0000000000e-01 |Ellipse1B
                      5.0000000000e-01 |Ellipse1A


---------------------
Begin Evaluation   14
---------------------
Parameters for evaluation 14:
                      1.9531250000e-03 |Abstand
                      1.0000000000e+00 |Ellipse1B
                      1.0000000000e+00 |Ellipse1A


Adjusting parameters_file to params.in due to work_directory usage.

Adjusting results_file to results.out due to work_directory usage.
blocking fork: fdakota_client.exe
Prepending environment PATH with work_directory "design.14".
Changing directory to "design.14"
Changing directory back to C:\Users\Jakob\Documents\GitHub\bachelor\SimulationTry\05_Dakota
Resetting environment PATH.

Active response data for evaluation 14:
Active set vector = { 1 1 }
                      1.9531200000e-03 obj_fn
                     -1.9531200000e-03 nln_ineq_con_1



----------------------------------
Pre-processing Function Evaluation
----------------------------------
Variables before unscaling transformation:
                      0.0000000000e+00 |Abstand
                      5.0005000000e-01 |Ellipse1B
                      5.0000000000e-01 |Ellipse1A


---------------------
Begin Evaluation   15
---------------------
Parameters for evaluation 15:
                      0.0000000000e+00 |Abstand
                      1.0001000000e+00 |Ellipse1B
                      1.0000000000e+00 |Ellipse1A


Adjusting parameters_file to params.in due to work_directory usage.

Adjusting results_file to results.out due to work_directory usage.
blocking fork: fdakota_client.exe
Prepending environment PATH with work_directory "design.15".
Changing directory to "design.15"
Changing directory back to C:\Users\Jakob\Documents\GitHub\bachelor\SimulationTry\05_Dakota
Resetting environment PATH.

Active response data for evaluation 15:
Active set vector = { 1 1 }
                      0.0000000000e+00 obj_fn
                      1.0000000000e-15 nln_ineq_con_1



----------------------------------
Pre-processing Function Evaluation
----------------------------------
Variables before unscaling transformation:
                      0.0000000000e+00 |Abstand
                      5.0000000000e-01 |Ellipse1B
                      5.0005000000e-01 |Ellipse1A


---------------------
Begin Evaluation   16
---------------------
Parameters for evaluation 16:
                      0.0000000000e+00 |Abstand
                      1.0000000000e+00 |Ellipse1B
                      1.0001000000e+00 |Ellipse1A


Adjusting parameters_file to params.in due to work_directory usage.

Adjusting results_file to results.out due to work_directory usage.
blocking fork: fdakota_client.exe
Prepending environment PATH with work_directory "design.16".
Changing directory to "design.16"
Changing directory back to C:\Users\Jakob\Documents\GitHub\bachelor\SimulationTry\05_Dakota
Resetting environment PATH.

Active response data for evaluation 16:
Active set vector = { 1 1 }
                      0.0000000000e+00 obj_fn
                      1.0000000000e-15 nln_ineq_con_1


COLIN Solver final status:
---
problem: 
solver: 
   name: Cobyla
   statistics: 
   status: 
      status: <
         [utilib::Any contains non-printable object, "enum 
         colin::solver_status_enum"]

      termination condition: <
         [utilib::Any contains non-printable object, "enum 
         colin::termination_condition_enum"]

      termination message: Step-Length
...

>>>>> coliny_cobyla: post-run phase.
********************************************************
WARNING: The implementation of COBYLA is such that the
best function value is not always returned to Dakota
for reporting.  The user is advised to look through the
Dakota output to confirm what the best function value
and corresponding parameter values are.
********************************************************

<<<<< Function evaluation summary: 16 total (16 new, 0 duplicate)
         obj_fn: 16 val (16 n, 0 d), 0 grad (0 n, 0 d), 0 Hess (0 n, 0 d)
 nln_ineq_con_1: 16 val (16 n, 0 d), 0 grad (0 n, 0 d), 0 Hess (0 n, 0 d)
<<<<< Best parameters          =
                      0.0000000000e+00 |Abstand
                      1.0000000000e+00 |Ellipse1B
                      1.0000000000e+00 |Ellipse1A
<<<<< Best objective function  =
                      0.0000000000e+00
<<<<< Best constraint values   =
                      1.0000000000e-15
<<<<< Best data captured at function evaluation 5


<<<<< Iterator coliny_cobyla completed.
<<<<< Environment execution completed.
DAKOTA execution time in seconds:
  Total CPU        =     11.726 [parent =     11.726, child =          0]
  Total wall clock =     11.727
